[0m21:43:23.381697 [debug] [MainThread]: Sending event: {'category': 'dbt', 'action': 'invocation', 'label': 'start', 'context': [<snowplow_tracker.self_describing_json.SelfDescribingJson object at 0x7fdb0f1d6810>, <snowplow_tracker.self_describing_json.SelfDescribingJson object at 0x7fdb0f7a8770>, <snowplow_tracker.self_describing_json.SelfDescribingJson object at 0x7fdb0f63c5f0>]}


============================== 21:43:23.391866 | 7eaa7907-765c-4396-aaee-953154feb675 ==============================
[0m21:43:23.391866 [info ] [MainThread]: Running with dbt=1.9.0
[0m21:43:23.392472 [debug] [MainThread]: running dbt with arguments {'printer_width': '80', 'indirect_selection': 'eager', 'write_json': 'True', 'log_cache_events': 'False', 'partial_parse': 'True', 'cache_selected_only': 'False', 'warn_error': 'None', 'version_check': 'True', 'profiles_dir': '/root/.dbt', 'log_path': 'logs', 'fail_fast': 'False', 'debug': 'False', 'use_colors': 'True', 'use_experimental_parser': 'False', 'empty': 'None', 'quiet': 'False', 'no_print': 'None', 'warn_error_options': 'WarnErrorOptions(include=[], exclude=[])', 'introspect': 'True', 'invocation_command': 'dbt init my_project', 'static_parser': 'True', 'target_path': 'None', 'log_format': 'default', 'send_anonymous_usage_stats': 'True'}
[0m21:43:23.468403 [warn ] [MainThread]: [ConfigFolderDirectory]: Unable to parse logging event dictionary. Failed to parse dir field: expected string or bytes-like object, got 'PosixPath'.. Dictionary: {'dir': PosixPath('/root/.dbt')}
[0m21:43:23.469236 [info ] [MainThread]: Creating dbt configuration folder at 
[0m21:43:23.472564 [debug] [MainThread]: Starter project path: /usr/local/lib/python3.12/site-packages/dbt/include/starter_project
[0m21:43:23.478016 [info ] [MainThread]: 
Your new dbt project "my_project" was created!

For more information on how to configure the profiles.yml file,
please consult the dbt documentation here:

  https://docs.getdbt.com/docs/configure-your-profile

One more thing:

Need help? Don't hesitate to reach out to us via GitHub issues or on Slack:

  https://community.getdbt.com/

Happy modeling!

[0m21:43:23.478521 [info ] [MainThread]: Setting up your profile.
[0m21:44:12.106966 [info ] [MainThread]: Profile my_project written to /root/.dbt/profiles.yml using target's profile_template.yml and your supplied values. Run 'dbt debug' to validate the connection.
[0m21:44:12.108689 [debug] [MainThread]: Resource report: {"command_name": "init", "command_success": true, "command_wall_clock_time": 48.836464, "process_in_blocks": "0", "process_kernel_time": 0.35415, "process_mem_max_rss": "93160", "process_out_blocks": "1544", "process_user_time": 1.598737}
[0m21:44:12.109593 [debug] [MainThread]: Command `dbt init` succeeded at 21:44:12.109446 after 48.84 seconds
[0m21:44:12.110046 [debug] [MainThread]: Sending event: {'category': 'dbt', 'action': 'invocation', 'label': 'end', 'context': [<snowplow_tracker.self_describing_json.SelfDescribingJson object at 0x7fdb0fda9b80>, <snowplow_tracker.self_describing_json.SelfDescribingJson object at 0x7fdb0ed1c320>, <snowplow_tracker.self_describing_json.SelfDescribingJson object at 0x7fdb0ed52510>]}
[0m21:44:12.110477 [debug] [MainThread]: Flushing usage events
[0m21:44:12.761030 [debug] [MainThread]: An error was encountered while trying to flush usage events
[0m21:47:52.246660 [debug] [MainThread]: Sending event: {'category': 'dbt', 'action': 'invocation', 'label': 'start', 'context': [<snowplow_tracker.self_describing_json.SelfDescribingJson object at 0x7f68df60af30>, <snowplow_tracker.self_describing_json.SelfDescribingJson object at 0x7f68df8eb530>, <snowplow_tracker.self_describing_json.SelfDescribingJson object at 0x7f68df2d0fb0>]}


============================== 21:47:52.256268 | a0819806-6908-4f7b-bbd3-a3ab1b9c8122 ==============================
[0m21:47:52.256268 [info ] [MainThread]: Running with dbt=1.9.0
[0m21:47:52.256927 [debug] [MainThread]: running dbt with arguments {'printer_width': '80', 'indirect_selection': 'eager', 'write_json': 'True', 'log_cache_events': 'False', 'partial_parse': 'True', 'cache_selected_only': 'False', 'warn_error': 'None', 'debug': 'False', 'fail_fast': 'False', 'log_path': 'logs', 'version_check': 'True', 'profiles_dir': '/root/.dbt', 'use_colors': 'True', 'use_experimental_parser': 'False', 'empty': 'None', 'quiet': 'False', 'no_print': 'None', 'log_format': 'default', 'invocation_command': 'dbt debug', 'static_parser': 'True', 'introspect': 'True', 'target_path': 'None', 'warn_error_options': 'WarnErrorOptions(include=[], exclude=[])', 'send_anonymous_usage_stats': 'True'}
[0m21:47:52.350587 [info ] [MainThread]: dbt version: 1.9.0
[0m21:47:52.351087 [info ] [MainThread]: python version: 3.12.4
[0m21:47:52.351487 [info ] [MainThread]: python path: /usr/local/bin/python
[0m21:47:52.351886 [info ] [MainThread]: os info: Linux-5.15.146.1-microsoft-standard-WSL2-x86_64-with-glibc2.31
[0m21:47:52.352310 [info ] [MainThread]: Using profiles dir at /root/.dbt
[0m21:47:52.352669 [info ] [MainThread]: Using profiles.yml file at /root/.dbt/profiles.yml
[0m21:47:52.353024 [info ] [MainThread]: Using dbt_project.yml file at /usr/app/dbt_project.yml
[0m21:47:52.353401 [info ] [MainThread]: Configuration:
[0m21:47:52.353731 [info ] [MainThread]:   profiles.yml file [[31mERROR not found[0m]
[0m21:47:52.354115 [info ] [MainThread]:   dbt_project.yml file [[31mERROR not found[0m]
[0m21:47:52.354443 [info ] [MainThread]: Required dependencies:
[0m21:47:52.355110 [debug] [MainThread]: Executing "git --help"
[0m21:47:52.357756 [debug] [MainThread]: STDOUT: "b"usage: git [--version] [--help] [-C <path>] [-c <name>=<value>]\n           [--exec-path[=<path>]] [--html-path] [--man-path] [--info-path]\n           [-p | --paginate | -P | --no-pager] [--no-replace-objects] [--bare]\n           [--git-dir=<path>] [--work-tree=<path>] [--namespace=<name>]\n           <command> [<args>]\n\nThese are common Git commands used in various situations:\n\nstart a working area (see also: git help tutorial)\n   clone             Clone a repository into a new directory\n   init              Create an empty Git repository or reinitialize an existing one\n\nwork on the current change (see also: git help everyday)\n   add               Add file contents to the index\n   mv                Move or rename a file, a directory, or a symlink\n   restore           Restore working tree files\n   rm                Remove files from the working tree and from the index\n   sparse-checkout   Initialize and modify the sparse-checkout\n\nexamine the history and state (see also: git help revisions)\n   bisect            Use binary search to find the commit that introduced a bug\n   diff              Show changes between commits, commit and working tree, etc\n   grep              Print lines matching a pattern\n   log               Show commit logs\n   show              Show various types of objects\n   status            Show the working tree status\n\ngrow, mark and tweak your common history\n   branch            List, create, or delete branches\n   commit            Record changes to the repository\n   merge             Join two or more development histories together\n   rebase            Reapply commits on top of another base tip\n   reset             Reset current HEAD to the specified state\n   switch            Switch branches\n   tag               Create, list, delete or verify a tag object signed with GPG\n\ncollaborate (see also: git help workflows)\n   fetch             Download objects and refs from another repository\n   pull              Fetch from and integrate with another repository or a local branch\n   push              Update remote refs along with associated objects\n\n'git help -a' and 'git help -g' list available subcommands and some\nconcept guides. See 'git help <command>' or 'git help <concept>'\nto read about a specific subcommand or concept.\nSee 'git help git' for an overview of the system.\n""
[0m21:47:52.358161 [debug] [MainThread]: STDERR: "b''"
[0m21:47:52.358406 [info ] [MainThread]:  - git [[32mOK found[0m]

[0m21:47:52.358728 [info ] [MainThread]: Connection test skipped since no profile was found
[0m21:47:52.359283 [info ] [MainThread]: [31m2 checks failed:[0m
[0m21:47:52.359650 [info ] [MainThread]: dbt looked for a profiles.yml file in /root/.dbt/profiles.yml, but did
not find one. For more information on configuring your profile, consult the
documentation:

https://docs.getdbt.com/docs/configure-your-profile


[0m21:47:52.360033 [info ] [MainThread]: Project loading failed for the following reason:
 project path </usr/app/dbt_project.yml> not found

[0m21:47:52.361002 [debug] [MainThread]: Resource report: {"command_name": "debug", "command_success": false, "command_wall_clock_time": 0.18542284, "process_in_blocks": "0", "process_kernel_time": 0.33377, "process_mem_max_rss": "87300", "process_out_blocks": "1488", "process_user_time": 1.415993}
[0m21:47:52.361549 [debug] [MainThread]: Command `dbt debug` failed at 21:47:52.361423 after 0.19 seconds
[0m21:47:52.361969 [debug] [MainThread]: Sending event: {'category': 'dbt', 'action': 'invocation', 'label': 'end', 'context': [<snowplow_tracker.self_describing_json.SelfDescribingJson object at 0x7f68df5d3b00>, <snowplow_tracker.self_describing_json.SelfDescribingJson object at 0x7f68e283a900>, <snowplow_tracker.self_describing_json.SelfDescribingJson object at 0x7f68df671f40>]}
[0m21:47:52.362387 [debug] [MainThread]: Flushing usage events
[0m21:47:52.992909 [debug] [MainThread]: An error was encountered while trying to flush usage events
